0 info it worked if it ends with ok
1 verbose cli [ '/usr/bin/node', '/usr/bin/npm', 'run', 'app' ]
2 info using npm@3.3.8
3 info using node@v4.2.1
4 verbose run-script [ 'preapp', 'app', 'postapp' ]
5 info lifecycle @~preapp: @
6 silly lifecycle @~preapp: no script for preapp, continuing
7 info lifecycle @~app: @
8 verbose lifecycle @~app: unsafe-perm in lifecycle true
9 verbose lifecycle @~app: PATH: /usr/lib/node_modules/npm/bin/node-gyp-bin:/home/xananax/projects/react-browser/node_modules/.bin:/usr/local/bin:/usr/local/sbin:/usr/bin:/usr/lib/jvm/default/bin:/usr/bin/site_perl:/usr/bin/vendor_perl:/usr/bin/core_perl:/home/xananax/.local/bin:/home/xananax/.bin:/home/xananax/.opt:/home/xananax/.composer/vendor/bin:/home/xananax/.npm-packages/bin:/home/xananax/.local/bin:/home/xananax/.bin:/home/xananax/.opt:/home/xananax/.composer/vendor/bin:/home/xananax/.npm-packages/bin
10 verbose lifecycle @~app: CWD: /home/xananax/projects/react-browser
11 silly lifecycle @~app: Args: [ '-c', 'node index.js' ]
12 silly lifecycle @~app: Returned: code: 1  signal: null
13 info lifecycle @~app: Failed to exec app script
14 verbose stack Error: @ app: `node index.js`
14 verbose stack Exit status 1
14 verbose stack     at EventEmitter.<anonymous> (/usr/lib/node_modules/npm/lib/utils/lifecycle.js:233:16)
14 verbose stack     at emitTwo (events.js:87:13)
14 verbose stack     at EventEmitter.emit (events.js:172:7)
14 verbose stack     at ChildProcess.<anonymous> (/usr/lib/node_modules/npm/lib/utils/spawn.js:24:14)
14 verbose stack     at emitTwo (events.js:87:13)
14 verbose stack     at ChildProcess.emit (events.js:172:7)
14 verbose stack     at maybeClose (internal/child_process.js:818:16)
14 verbose stack     at Process.ChildProcess._handle.onexit (internal/child_process.js:211:5)
15 verbose pkgid @
16 verbose cwd /home/xananax/projects/react-browser
17 error Linux 4.2.2-1-ARCH
18 error argv "/usr/bin/node" "/usr/bin/npm" "run" "app"
19 error node v4.2.1
20 error npm  v3.3.8
21 error code ELIFECYCLE
22 error @ app: `node index.js`
22 error Exit status 1
23 error Failed at the @ app script 'node index.js'.
23 error This is most likely a problem with the  package,
23 error not with npm itself.
23 error Tell the author that this fails on your system:
23 error     node index.js
23 error You can get their info via:
23 error     npm owner ls
23 error There is likely additional logging output above.
24 verbose exit [ 1, true ]
